{
  "0 debug pnpm:scope": {
    "selected": 1
  },
  "1 error pnpm": {
    "code": "ELIFECYCLE",
    "errno": "ENOENT",
    "syscall": "spawn",
    "file": "sh",
    "pkgid": "@xmzhou/scroll@0.1.0",
    "stage": "prepare",
    "script": "husky install && dumi setup",
    "pkgname": "@xmzhou/scroll",
    "err": {
      "name": "pnpm",
      "message": "@xmzhou/scroll@0.1.0 prepare: `husky install && dumi setup`\nspawn ENOENT",
      "code": "ELIFECYCLE",
      "stack": "pnpm: @xmzhou/scroll@0.1.0 prepare: `husky install && dumi setup`\nspawn ENOENT\n    at ChildProcess.<anonymous> (/Users/zhou/.npm-global/lib/node_modules/pnpm/dist/pnpm.cjs:92977:22)\n    at ChildProcess.emit (node:events:513:28)\n    at maybeClose (node:internal/child_process:1091:16)\n    at ChildProcess._handle.onexit (node:internal/child_process:302:5)"
    }
  },
  "2 warn pnpm:global": " Local package.json exists, but node_modules missing, did you mean to install?"
}